0	1	mikroCPIC1618.exe -MSF -DBG -pP18F46K22 -UICD -DL -O11111114 -fo8 -N"C:\Users\Ed Phillips\Documents\Organox\O2_project\O2_control.mcppi" -SP"C:\Users\Public\Documents\Mikroelektronika\mikroC PRO for PIC\Defs\" -SP"C:\Users\Public\Documents\Mikroelektronika\mikroC PRO for PIC\uses\P18\" -SP"C:\Users\Ed Phillips\Documents\Organox\O2_project\" -IP"C:\Users\Public\Documents\Mikroelektronika\mikroC PRO for PIC\uses\P18\" -IP"C:\Users\Ed Phillips\Documents\Organox\O2_project\" "O2_control.c" "Average.c" "GPIO.c" "read_analogue2.c" "__Lib_Math.mcl" "__Lib_MathDouble.mcl" "__Lib_System.mcl" "__Lib_Delays.mcl" "__Lib_CType.mcl" "__Lib_CString.mcl" "__Lib_CStdlib.mcl" "__Lib_CMath.mcl" "__Lib_Conversions.mcl" "__Lib_Sprintf.mcl" "__Lib_SoftUART.mcl" "__Lib_ADC_K22_B.mcl" "__Lib_PWM_c21.mcl" "__Lib_PWM_b5d1e2.mcl" "__Lib_UART_c67d67.mcl"	 
hint: 0	1139	Available RAM: 3875 [bytes], Available ROM: 65536 [bytes]	 
diagnostics: 0	122	Compilation Started	O2_control.c
warning: 112	1509	Generated baud rate is 9615 bps (error = 0.16 percent)	O2_control.c
warning: 114	1509	Generated baud rate is 9615 bps (error = 0.16 percent)	O2_control.c
diagnostics: 170	123	Compiled Successfully	O2_control.c
hint: 58	1164	Variable 'ch' has been eliminated by optimizer	O2_control.c
hint: 60	1164	Variable 'us' has been eliminated by optimizer	O2_control.c
diagnostics: 0	122	Compilation Started	Average.c
diagnostics: 11	123	Compiled Successfully	Average.c
diagnostics: 0	122	Compilation Started	GPIO.c
hint: 21	1163	Variable 'duty1' has been declared, but not used	GPIO.c
diagnostics: 169	123	Compiled Successfully	GPIO.c
diagnostics: 0	122	Compilation Started	read_analogue2.c
diagnostics: 27	123	Compiled Successfully	read_analogue2.c
diagnostics: 0	127	All files Compiled in 406 ms	 
hint: 0	1144	Used RAM (bytes): 2554 (66%)  Free RAM (bytes): 1321 (34%)	Used RAM (bytes): 2554 (66%)  Free RAM (bytes): 1321 (34%)
hint: 0	1144	Used ROM (bytes): 22912 (35%)  Free ROM (bytes): 42624 (65%)	Used ROM (bytes): 22912 (35%)  Free ROM (bytes): 42624 (65%)
diagnostics: 0	125	Project Linked Successfully	O2_control.mcppi
diagnostics: 0	128	Linked in 250 ms	 
diagnostics: 0	129	Project 'O2_control.mcppi' completed: 703 ms	 
diagnostics: 0	103	Finished successfully: 21 Aug 2018, 16:43:27	O2_control.mcppi
